2024-09-26 15:28:40 - Error This route / not found in /opt/lampp/htdocs/review_php/MVC/customframework/illuminates/Router/Router.php on line 159 
2024-09-26 15:30:07 - Error This route / not found in /opt/lampp/htdocs/review_php/MVC/customframework/illuminates/Router/Router.php on line 159 
2024-09-26 15:30:41 - Error This route / not found in /opt/lampp/htdocs/review_php/MVC/customframework/illuminates/Router/Router.php on line 159 
2024-09-26 15:31:26 - Error This route / not found in /opt/lampp/htdocs/review_php/MVC/customframework/illuminates/Router/Router.php on line 159 
2024-09-26 15:35:54 - Error This route / not found in /opt/lampp/htdocs/review_php/MVC/customframework/illuminates/Router/Router.php on line 159 
2024-09-26 15:36:04 - Error This route / not found in /opt/lampp/htdocs/review_php/MVC/customframework/illuminates/Router/Router.php on line 159 
2024-09-26 15:36:08 - Error This route about not found in /opt/lampp/htdocs/review_php/MVC/customframework/illuminates/Router/Router.php on line 159 
2024-09-26 15:36:12 - Error This route / not found in /opt/lampp/htdocs/review_php/MVC/customframework/illuminates/Router/Router.php on line 159 
2024-09-26 15:40:23 - Error This route / not found in /opt/lampp/htdocs/review_php/MVC/customframework/illuminates/Router/Router.php on line 159 
2024-09-26 15:43:06 - Error This route / not found in /opt/lampp/htdocs/review_php/MVC/customframework/illuminates/Router/Router.php on line 161 
2024-09-28 14:53:32 - Error This route about not found in /opt/lampp/htdocs/review_php/MVC/customframework/illuminates/Router/Router.php on line 159 
2024-09-28 16:06:31 - Error This route api?lang=ar not found in /opt/lampp/htdocs/review_php/MVC/customframework/illuminates/Router/Router.php on line 159 
2024-09-28 16:11:19 - Error This route api?lang=ar not found in /opt/lampp/htdocs/review_php/MVC/customframework/illuminates/Router/Router.php on line 159 
2024-09-28 16:13:43 - Error This route api?lang=ar&name=mohamed not found in /opt/lampp/htdocs/review_php/MVC/customframework/illuminates/Router/Router.php on line 159 
2024-09-28 16:20:47 - Error This route api?lang=ar&name=mohamed not found in /opt/lampp/htdocs/review_php/MVC/customframework/illuminates/Router/Router.php on line 160 
2024-09-28 16:21:08 - Error This route api?lang=ar&name=mohamed not found in /opt/lampp/htdocs/review_php/MVC/customframework/illuminates/Router/Router.php on line 160 
2024-09-28 16:21:38 - Error This route api?lang=ar&name=mohamed not found in /opt/lampp/htdocs/review_php/MVC/customframework/illuminates/Router/Router.php on line 160 
2024-09-28 16:27:12 - Error This route api not found in /opt/lampp/htdocs/review_php/MVC/customframework/illuminates/Router/Router.php on line 162 
2024-09-28 16:35:30 - Error This route api?lang=en not found in /opt/lampp/htdocs/review_php/MVC/customframework/illuminates/Router/Router.php on line 165 
2024-09-28 16:38:18 - Error This route api?lang=en not found in /opt/lampp/htdocs/review_php/MVC/customframework/illuminates/Router/Router.php on line 161 
2024-09-28 16:40:12 - Error This route api?lang=en not found in /opt/lampp/htdocs/review_php/MVC/customframework/illuminates/Router/Router.php on line 162 
2024-09-28 16:47:24 - Error This route api not found in /opt/lampp/htdocs/review_php/MVC/customframework/illuminates/Router/Router.php on line 159 
2024-09-28 16:48:16 - Error This route api?lang=en not found in /opt/lampp/htdocs/review_php/MVC/customframework/illuminates/Router/Router.php on line 159 
2024-09-28 16:49:07 - Error This route api not found in /opt/lampp/htdocs/review_php/MVC/customframework/illuminates/Router/Router.php on line 159 
2024-09-28 16:49:13 - Error This route api not found in /opt/lampp/htdocs/review_php/MVC/customframework/illuminates/Router/Router.php on line 159 
2024-09-28 16:50:52 - Error This route api?lang=en not found in /opt/lampp/htdocs/review_php/MVC/customframework/illuminates/Router/Router.php on line 159 
2024-09-28 17:05:08 - Error This route api not found in /opt/lampp/htdocs/review_php/MVC/customframework/illuminates/Router/Router.php on line 159 
2024-09-28 17:14:51 - Error This route api not found in /opt/lampp/htdocs/review_php/MVC/customframework/illuminates/Router/Router.php on line 159 
